Arguments: 
  /Users/dmtrkovalenko/.nvm/versions/node/v18.13.0/bin/node /Users/dmtrkovalenko/.nvm/versions/node/v18.13.0/bin/yarn install

PATH: 
  /Users/dmtrkovalenko/.nvm/versions/node/v18.13.0/bin:/Users/dmtrkovalenko/.nvm/versions/node/v18.13.0/bin:/opt/homebrew/opt/icu4c/sbin:/opt/homebrew/opt/icu4c/bin:/opt/homebrew/opt/libpq/bin:/opt/homebrew/opt/openssl@3/bin:/opt/homebrew/opt/ffmpeg@4/bin:/opt/homebrew/opt/openjdk/bin:/Users/dmtrkovalenko/.cargo/bin:/opt/homebrew/bin:/usr/local/bin:/System/Cryptexes/App/usr/bin:/usr/bin:/bin:/usr/sbin:/sbin:/Users/dmtrkovalenko/.nvm/versions/node/v18.13.0/bin:/Users/dmtrkovalenko/.fig/bin:/Users/dmtrkovalenko/.local/bin

Yarn version: 
  1.22.19

Node version: 
  18.13.0

Platform: 
  darwin arm64

Trace: 
  Error: https://registry.yarnpkg.com/fframes-editor: Not found
      at params.callback [as _callback] (/Users/dmtrkovalenko/.nvm/versions/node/v18.13.0/lib/node_modules/yarn/lib/cli.js:66145:18)
      at self.callback (/Users/dmtrkovalenko/.nvm/versions/node/v18.13.0/lib/node_modules/yarn/lib/cli.js:140890:22)
      at Request.emit (node:events:513:28)
      at Request.<anonymous> (/Users/dmtrkovalenko/.nvm/versions/node/v18.13.0/lib/node_modules/yarn/lib/cli.js:141862:10)
      at Request.emit (node:events:513:28)
      at IncomingMessage.<anonymous> (/Users/dmtrkovalenko/.nvm/versions/node/v18.13.0/lib/node_modules/yarn/lib/cli.js:141784:12)
      at Object.onceWrapper (node:events:627:28)
      at IncomingMessage.emit (node:events:525:35)
      at endReadableNT (node:internal/streams/readable:1359:12)
      at process.processTicksAndRejections (node:internal/process/task_queues:82:21)

npm manifest: 
  {
    "name": "hello-world-example",
    "version": "0.0.0",
    "scripts": {
      "dev": "vite"
    },
    "dependencies": {
      "fframes-editor": "*",
      "wasm-pack": "^0.10.3"
    },
    "devDependencies": {
      "@vitejs/plugin-react-refresh": "^1.3.3",
      "rsw-node": "^0.1.2",
      "typescript": "^4.3.2",
      "vite": "^3.0.4",
      "vite-plugin-rsw": "^1.6.3"
    }
  }

yarn manifest: 
  No manifest

Lockfile: 
  No lockfile
